[
  {
    "Plan": {
      "Node Type": "Limit",
      "Parallel Aware": false,
      "Async Capable": false,
      "Startup Cost": 0.42,
      "Total Cost": 7.30,
      "Plan Rows": 10,
      "Plan Width": 26,
      "Actual Startup Time": 0.036,
      "Actual Total Time": 0.065,
      "Actual Rows": 10,
      "Actual Loops": 1,
      "Plans": [
        {
          "Node Type": "Nested Loop",
          "Parent Relationship": "Outer",
          "Parallel Aware": false,
          "Async Capable": false,
          "Join Type": "Inner",
          "Startup Cost": 0.42,
          "Total Cost": 192490.00,
          "Plan Rows": 280000,
          "Plan Width": 26,
          "Actual Startup Time": 0.035,
          "Actual Total Time": 0.062,
          "Actual Rows": 10,
          "Actual Loops": 1,
          "Inner Unique": false,
          "Plans": [
            {
              "Node Type": "Seq Scan",
              "Parent Relationship": "Outer",
              "Parallel Aware": false,
              "Async Capable": false,
              "Relation Name": "table2",
              "Alias": "t2",
              "Startup Cost": 0.00,
              "Total Cost": 6942.00,
              "Plan Rows": 400000,
              "Plan Width": 15,
              "Actual Startup Time": 0.021,
              "Actual Total Time": 0.022,
              "Actual Rows": 10,
              "Actual Loops": 1
            },
            {
              "Node Type": "Index Only Scan",
              "Parent Relationship": "Inner",
              "Parallel Aware": false,
              "Async Capable": false,
              "Scan Direction": "Forward",
              "Index Name": "table1_pkey",
              "Relation Name": "table1",
              "Alias": "t1",
              "Startup Cost": 0.42,
              "Total Cost": 0.45,
              "Plan Rows": 1,
              "Plan Width": 15,
              "Actual Startup Time": 0.003,
              "Actual Total Time": 0.003,
              "Actual Rows": 1,
              "Actual Loops": 10,
              "Index Cond": "(id1 = t2.id1)",
              "Rows Removed by Index Recheck": 0,
              "Heap Fetches": 0
            }
          ]
        }
      ]
    },
    "Planning Time": 0.499,
    "Triggers": [
    ],
    "Execution Time": 0.106
  }
]